<?xml version="1.0" encoding="UTF-8"?>
<!-- Generated by org.testng.reporters.JUnitXMLReporter -->
<testsuite ignored="0" hostname="ViNeEtH" failures="1" tests="2" name="Error Validations" time="15.719" errors="0" timestamp="2025-06-10T12:47:54 IST">
  <testcase classname="io.test.ErrorValidationsTest" name="loginErrorValidations" time="0.451">
    <failure type="java.lang.AssertionError" message="expected [Incorrect email password.] but found [Incorrect email or password.]">
      <![CDATA[java.lang.AssertionError: expected [Incorrect email password.] but found [Incorrect email or password.]
at io.test.ErrorValidationsTest.loginErrorValidations(ErrorValidationsTest.java:21)
at java.base/java.util.ArrayList.forEach(ArrayList.java:1511)
at java.base/java.util.concurrent.FutureTask.run(FutureTask.java:317)
at java.base/java.util.concurrent.ThreadPoolExecutor.runWorker(ThreadPoolExecutor.java:1144)
at java.base/java.util.concurrent.ThreadPoolExecutor$Worker.run(ThreadPoolExecutor.java:642)
at java.base/java.lang.Thread.run(Thread.java:1623)
... Removed 22 stack frames]]>
    </failure>
  </testcase> <!-- loginErrorValidations -->
  <testcase classname="io.test.ErrorValidationsTest" name="productErrorValidation" time="10.344"/>
</testsuite> <!-- Error Validations -->
